2020-06-12 10:47:17,539 - /home/senyan/KDABert/experiment/trainer.py[line:41] - INFO: Epoch:  0: Training Model...
2020-06-12 10:47:57,602 - /home/senyan/KDABert/experiment/trainer.py[line:70] - INFO: Epoch:  0 | LOSS: 0.619 MCC: -0.001
2020-06-12 10:47:57,603 - /home/senyan/KDABert/experiment/trainer.py[line:73] - INFO: Epoch:  0: Evaluating Model...
2020-06-12 10:47:59,144 - /home/senyan/KDABert/experiment/trainer.py[line:89] - INFO: Epoch:  0 | LOSS: 0.617 MCC: 0.000
2020-06-12 10:47:59,752 - /home/senyan/KDABert/experiment/trainer.py[line:99] - INFO: 
2020-06-12 10:47:59,752 - /home/senyan/KDABert/experiment/trainer.py[line:41] - INFO: Epoch:  1: Training Model...
2020-06-12 10:48:39,885 - /home/senyan/KDABert/experiment/trainer.py[line:70] - INFO: Epoch:  1 | LOSS: 0.613 MCC: 0.000
2020-06-12 10:48:39,885 - /home/senyan/KDABert/experiment/trainer.py[line:73] - INFO: Epoch:  1: Evaluating Model...
2020-06-12 10:48:41,446 - /home/senyan/KDABert/experiment/trainer.py[line:89] - INFO: Epoch:  1 | LOSS: 0.615 MCC: 0.000
2020-06-12 10:48:42,056 - /home/senyan/KDABert/experiment/trainer.py[line:99] - INFO: 
2020-06-12 10:48:42,056 - /home/senyan/KDABert/experiment/trainer.py[line:41] - INFO: Epoch:  2: Training Model...
2020-06-12 10:49:55,991 - /home/senyan/KDABert/experiment/trainer.py[line:41] - INFO: Epoch:  0: Training Model...
2020-06-12 10:55:14,275 - /home/senyan/KDABert/experiment/trainer.py[line:70] - INFO: Epoch:  0 | LOSS: 0.450 ACC: 0.772
2020-06-12 10:55:14,275 - /home/senyan/KDABert/experiment/trainer.py[line:73] - INFO: Epoch:  0: Evaluating Model...
2020-06-12 10:55:15,614 - /home/senyan/KDABert/experiment/trainer.py[line:89] - INFO: Epoch:  0 | LOSS: 0.412 ACC: 0.800
2020-06-12 10:55:21,821 - /home/senyan/KDABert/experiment/trainer.py[line:99] - INFO: 
2020-06-12 10:55:21,821 - /home/senyan/KDABert/experiment/trainer.py[line:41] - INFO: Epoch:  1: Training Model...
2020-06-12 11:00:41,903 - /home/senyan/KDABert/experiment/trainer.py[line:70] - INFO: Epoch:  1 | LOSS: 0.265 ACC: 0.892
2020-06-12 11:00:41,904 - /home/senyan/KDABert/experiment/trainer.py[line:73] - INFO: Epoch:  1: Evaluating Model...
2020-06-12 11:00:43,261 - /home/senyan/KDABert/experiment/trainer.py[line:89] - INFO: Epoch:  1 | LOSS: 0.468 ACC: 0.795
2020-06-12 11:00:49,302 - /home/senyan/KDABert/experiment/trainer.py[line:99] - INFO: 
2020-06-12 11:00:49,303 - /home/senyan/KDABert/experiment/trainer.py[line:41] - INFO: Epoch:  2: Training Model...
2020-06-12 11:06:08,122 - /home/senyan/KDABert/experiment/trainer.py[line:70] - INFO: Epoch:  2 | LOSS: 0.216 ACC: 0.915
2020-06-12 11:06:08,123 - /home/senyan/KDABert/experiment/trainer.py[line:73] - INFO: Epoch:  2: Evaluating Model...
2020-06-12 11:06:09,467 - /home/senyan/KDABert/experiment/trainer.py[line:89] - INFO: Epoch:  2 | LOSS: 0.461 ACC: 0.817
2020-06-12 11:06:10,058 - /home/senyan/KDABert/experiment/trainer.py[line:99] - INFO: 
2020-06-12 11:06:10,058 - /home/senyan/KDABert/experiment/trainer.py[line:41] - INFO: Epoch:  3: Training Model...
